2022-08-04T19:04:55.778Z - info: /api/page/image
2022-08-04T19:04:55.783Z - info: server.handler.begun
2022-08-04T19:05:46.673Z - info: /api/page/image
2022-08-04T19:05:46.681Z - info: server.handler.begun
2022-08-04T19:06:57.886Z - info: /api/page/image
2022-08-04T19:06:57.892Z - info: server.handler.begun
2022-08-04T19:10:52.816Z - info: /api/page/image
2022-08-04T19:10:52.820Z - info: server.handler.begun
2022-08-04T19:11:04.988Z - info: /api/page/image
2022-08-04T19:11:04.994Z - info: server.handler.begun
2022-08-04T19:15:33.528Z - info: POST /api/page/image
2022-08-04T19:15:33.531Z - info: server.handler.begun
2022-08-04T19:15:56.009Z - info: POST /api/page/image
2022-08-04T19:15:56.013Z - info: server.handler.begun
2022-08-04T19:16:03.157Z - info: POST /api/page/image
2022-08-04T19:16:03.158Z - info: server.handler.begun
2022-08-04T19:43:00.548Z - info: GET /favicon.ico
2022-08-04T19:43:04.041Z - info: POST /api/page/image
2022-08-04T19:43:04.066Z - info: Path: 
2022-08-04T19:43:22.757Z - info: POST /api/page/image
2022-08-04T19:43:22.822Z - info: Path: 
2022-08-04T19:43:22.826Z - error: TypeError: db.insert is not a function
2022-08-04T19:44:23.613Z - error: TypeError: db.insert is not a function
2022-08-04T19:45:15.186Z - info   : GET /favicon.ico
2022-08-04T19:45:19.549Z - info   : POST /api/page/image
2022-08-04T19:45:19.613Z - info   : Path: 
2022-08-04T19:45:19.618Z - error  : TypeError: db.insert is not a function
2022-08-04T19:46:07.015Z - info   : POST /api/page/image
2022-08-04T19:46:27.719Z - info   : POST /api/page/image
2022-08-04T19:48:58.806Z - info   : POST /api/page/image
2022-08-04T19:55:07.985Z - info   : GET /favicon.ico
2022-08-04T19:55:44.478Z - info   : POST /api/page/image
2022-08-04T20:01:00.559Z - info   : GET /favicon.ico
2022-08-04T20:01:13.867Z - info   : POST /api/page/image
2022-08-04T20:01:13.897Z - error  : TypeError: db.update is not a function
2022-08-04T20:01:38.463Z - info   : POST /api/page/image
2022-08-04T20:01:51.644Z - info   : POST /api/page/image
2022-08-04T20:02:29.078Z - info   : POST /api/page/image
2022-08-04T20:04:25.600Z - error  : TypeError: path must be absolute or specify root to res.sendFile
2022-08-04T20:04:26.266Z - info   : GET /favicon.ico
2022-08-04T20:04:41.768Z - error  : TypeError: path must be absolute or specify root to res.sendFile
2022-08-04T20:04:42.058Z - info   : GET /favicon.ico
2022-08-04T20:05:23.123Z - error  : Error: ENOENT: no such file or directory, stat 'D:\Web\Nhatrocauan\images\4a0f5c911bd247013ec08d8f5bb66e32.png'
2022-08-04T20:05:23.410Z - info   : GET /favicon.ico
2022-08-04T20:05:24.655Z - error  : Error: ENOENT: no such file or directory, stat 'D:\Web\Nhatrocauan\images\4a0f5c911bd247013ec08d8f5bb66e32.png'
2022-08-04T20:05:24.834Z - info   : GET /favicon.ico
2022-08-04T20:05:25.578Z - error  : Error: ENOENT: no such file or directory, stat 'D:\Web\Nhatrocauan\images\4a0f5c911bd247013ec08d8f5bb66e32.png'
2022-08-04T20:05:25.753Z - info   : GET /favicon.ico
2022-08-04T20:08:04.125Z - error  : Error: ENOENT: no such file or directory, stat 'D:\Web\Nhatrocauan\images\4a0f5c911bd247013ec08d8f5bb66e32.png'
2022-08-04T20:08:04.355Z - info   : GET /favicon.ico
2022-08-04T20:08:04.915Z - error  : Error: ENOENT: no such file or directory, stat 'D:\Web\Nhatrocauan\images\4a0f5c911bd247013ec08d8f5bb66e32.png'
2022-08-04T20:08:05.110Z - info   : GET /favicon.ico
2022-08-04T20:08:16.125Z - info   : GET /favicon.ico
2022-08-04T20:14:45.995Z - info   : GET /favicon.ico
2022-08-04T20:16:26.237Z - info   : GET /favicon.ico
2022-08-04T20:16:32.510Z - info   : GET /favicon.ico
2022-08-04T20:16:58.730Z - info   : GET /favicon.ico
2022-08-04T20:18:15.478Z - info   : GET /favicon.ico
2022-08-04T20:18:25.517Z - info   : GET /favicon.ico
2022-08-04T20:18:41.015Z - info   : GET /favicon.ico
2022-08-04T20:18:43.361Z - info   : GET /favicon.ico
2022-08-04T20:18:45.018Z - info   : GET /favicon.ico
2022-08-04T20:20:02.390Z - info   : GET /favicon.ico
2022-08-04T20:22:19.424Z - info   : GET /favicon.ico
2022-08-04T20:22:31.275Z - info   : GET /favicon.ico
2022-08-04T20:22:50.081Z - info   : GET /favicon.ico
2022-08-04T20:23:05.832Z - info   : GET /favicon.ico
2022-08-04T20:23:22.124Z - info   : GET /favicon.ico
2022-08-04T20:34:47.367Z - info   : GET /favicon.ico
2022-08-04T20:36:03.041Z - info   : GET /favicon.ico
2022-08-04T20:36:07.619Z - info   : POST /api/page/text
2022-08-04T20:36:07.623Z - error  : TypeError: object is not iterable (cannot read property Symbol(Symbol.iterator))
2022-08-04T20:36:33.779Z - info   : POST /api/page/text
2022-08-04T20:37:32.150Z - info   : POST /api/page/text
2022-08-04T20:40:11.696Z - info   : GET //api/page
2022-08-04T20:40:12.242Z - info   : GET /favicon.ico
2022-08-04T20:40:16.041Z - info   : GET /favicon.ico
2022-08-04T20:42:12.675Z - info   : POST /api/page/image
2022-08-04T20:43:01.268Z - info   : GET /favicon.ico
2022-08-04T20:43:02.606Z - info   : GET /favicon.ico
2022-08-04T20:43:09.510Z - info   : GET /favicon.ico
2022-08-04T20:45:11.093Z - info   : POST /api/page/text
2022-08-04T20:45:14.071Z - info   : GET /favicon.ico
2022-08-04T20:45:20.103Z - info   : GET /favicon.ico
2022-08-04T20:45:25.415Z - info   : POST /api/page/text
2022-08-04T20:45:27.351Z - info   : GET /favicon.ico
2022-08-04T20:45:52.686Z - info   : GET /favicon.ico
2022-08-04T20:46:32.151Z - info   : GET /favicon.ico
2022-08-04T20:48:17.624Z - info   : GET /favicon.ico
2022-08-04T20:48:39.501Z - info   : GET /favicon.ico
2022-08-04T20:48:46.256Z - info   : GET /favicon.ico
2022-08-04T20:48:52.198Z - info   : GET /favicon.ico
2022-08-04T20:49:18.540Z - info   : POST /api/page/image
2022-08-04T20:50:15.363Z - info   : GET /favicon.ico
2022-08-04T20:50:16.687Z - info   : GET /favicon.ico
2022-08-04T20:50:39.863Z - info   : GET /favicon.ico
2022-08-04T20:50:48.044Z - info   : POST /api/page/image
2022-08-04T20:50:51.055Z - info   : GET /favicon.ico
2022-08-04T20:51:39.816Z - info   : GET /favicon.ico
2022-08-04T20:51:42.463Z - info   : GET /favicon.ico
2022-08-04T20:51:44.961Z - info   : GET /favicon.ico
2022-08-04T20:52:21.357Z - info   : POST /api/page/image
2022-08-04T20:52:24.519Z - info   : GET /favicon.ico
2022-08-04T20:55:12.406Z - info   : GET /favicon.ico
2022-08-04T20:55:16.329Z - info   : POST /api/page/video
2022-08-04T20:55:31.766Z - info   : GET /favicon.ico
2022-08-04T20:55:38.735Z - info   : GET /favicon.ico
2022-08-04T20:56:49.746Z - info   : GET /favicon.ico
2022-08-04T20:57:20.178Z - info   : GET /favicon.ico
2022-08-04T20:58:05.147Z - info   : GET /favicon.ico
2022-08-04T20:58:17.553Z - info   : GET /favicon.ico
2022-08-04T21:08:15.473Z - info   : GET /favicon.ico
2022-08-04T21:08:21.918Z - info   : POST /api/page/image
2022-08-04T21:08:36.457Z - info   : GET /favicon.ico
2022-08-04T21:09:18.176Z - info   : POST /api/page/text
2022-08-04T21:09:21.508Z - info   : GET /admin
2022-08-04T21:09:21.807Z - info   : GET /favicon.ico
2022-08-04T21:09:23.391Z - info   : GET /favicon.ico
2022-08-04T21:10:09.726Z - info   : GET /admin
2022-08-04T21:10:10.010Z - info   : GET /favicon.ico
2022-08-04T21:10:15.462Z - info   : GET /favicon.ico
2022-08-04T21:10:30.128Z - info   : POST /api/page/text
2022-08-04T21:10:37.052Z - info   : GET /favicon.ico
2022-08-04T21:12:24.205Z - info   : GET /favicon.ico
2022-08-04T21:13:08.235Z - info   : GET /favicon.ico
2022-08-04T21:13:28.532Z - info   : GET /favicon.ico
2022-08-04T21:13:52.484Z - info   : POST /api/page/text
2022-08-04T21:14:02.101Z - info   : POST /api/page/text
2022-08-04T21:14:36.383Z - info   : POST /api/page/text
2022-08-04T21:15:25.327Z - info   : POST /api/page/text
2022-08-04T21:15:39.974Z - info   : POST /api/page/text
2022-08-04T21:17:34.952Z - info   : POST /api/page/text
2022-08-04T21:17:42.299Z - info   : GET /favicon.ico
2022-08-04T21:17:46.039Z - info   : POST /api/page/text
2022-08-04T21:17:49.261Z - info   : POST /api/page/text
2022-08-04T21:17:57.640Z - info   : POST /api/page/text
2022-08-04T21:18:22.043Z - info   : GET /favicon.ico
2022-08-04T21:18:26.036Z - info   : POST /api/page/text
2022-08-04T21:18:27.828Z - info   : POST /api/page/text
2022-08-04T21:18:28.182Z - info   : POST /api/page/text
2022-08-04T21:18:28.364Z - info   : POST /api/page/text
2022-08-04T21:18:28.560Z - info   : POST /api/page/text
2022-08-04T21:18:28.741Z - info   : POST /api/page/text
2022-08-04T21:19:07.550Z - info   : POST /api/page/image
2022-08-04T21:19:12.845Z - info   : POST /api/page/text
2022-08-04T21:19:20.303Z - info   : POST /api/page/text
2022-08-04T21:20:12.278Z - info   : POST /api/page/text
2022-08-04T21:20:22.657Z - info   : GET /favicon.ico
2022-08-04T21:20:25.444Z - info   : POST /api/page/text
2022-08-04T21:20:44.887Z - info   : POST /api/page/text
2022-08-04T21:20:47.587Z - info   : GET /favicon.ico
2022-08-04T21:20:49.272Z - info   : POST /api/page/text
2022-08-04T21:20:50.012Z - info   : POST /api/page/text
2022-08-04T21:20:50.495Z - info   : POST /api/page/text
2022-08-04T21:20:50.676Z - info   : POST /api/page/text
2022-08-04T21:20:50.853Z - info   : POST /api/page/text
2022-08-04T21:20:51.026Z - info   : POST /api/page/text
2022-08-04T21:20:51.202Z - info   : POST /api/page/text
2022-08-04T21:20:51.348Z - info   : POST /api/page/text
2022-08-04T21:21:40.508Z - info   : GET /favicon.ico
2022-08-04T21:22:08.936Z - info   : GET /favicon.ico
2022-08-04T21:23:21.226Z - info   : GET /favicon.ico
2022-08-04T21:24:32.802Z - info   : GET /favicon.ico
2022-08-04T21:25:45.406Z - info   : GET /favicon.ico
2022-08-04T21:25:50.875Z - info   : POST /api/page/text
2022-08-04T21:27:26.872Z - info   : GET /favicon.ico
2022-08-04T21:27:33.085Z - info   : GET /favicon.ico
2022-08-04T21:27:35.522Z - info   : POST /api/page/text
2022-08-04T21:27:59.348Z - info   : POST /api/page/text
2022-08-04T21:28:09.364Z - info   : GET /favicon.ico
2022-08-04T21:28:32.219Z - info   : GET /favicon.ico
2022-08-04T21:28:34.284Z - info   : GET /favicon.ico
2022-08-04T21:28:36.245Z - info   : GET /favicon.ico
2022-08-04T21:28:45.184Z - info   : GET /favicon.ico
2022-08-04T21:28:51.136Z - info   : POST /api/page/text
2022-08-04T21:29:12.372Z - info   : POST /api/page/text
2022-08-04T21:29:22.639Z - info   : POST /api/page/text
2022-08-04T21:29:30.673Z - info   : POST /api/page/text
2022-08-04T21:29:40.269Z - info   : POST /api/page/text
2022-08-04T21:30:57.173Z - info   : GET /favicon.ico
2022-08-04T21:31:03.062Z - info   : POST /api/page/text
2022-08-04T21:31:08.147Z - info   : GET /favicon.ico
2022-08-04T21:32:39.074Z - info   : GET /favicon.ico
2022-08-04T21:32:42.078Z - info   : GET /favicon.ico
2022-08-04T21:33:08.676Z - info   : GET /favicon.ico
2022-08-04T21:33:46.846Z - info   : POST /api/page/text
2022-08-04T21:35:06.399Z - info   : POST /api/page/text
2022-08-04T21:35:43.729Z - info   : POST /api/page/text
2022-08-04T21:36:07.036Z - info   : POST /api/page/text
2022-08-04T21:36:33.720Z - info   : GET /favicon.ico
2022-08-04T21:36:35.288Z - info   : POST /api/page/text
2022-08-04T21:37:25.597Z - info   : POST /api/page/text
2022-08-04T21:39:05.221Z - info   : POST /api/page/text
2022-08-04T21:39:12.766Z - info   : POST /api/page/text
2022-08-04T21:40:19.423Z - info   : GET /favicon.ico
2022-08-04T21:40:25.872Z - info   : POST /api/page/text
2022-08-04T21:42:54.214Z - info   : POST /api/page/text
2022-08-04T21:43:12.527Z - info   : POST /api/page/text
2022-08-04T21:44:31.886Z - info   : GET /favicon.ico
2022-08-04T21:44:34.311Z - info   : POST /api/page/text
2022-08-04T21:44:50.303Z - info   : POST /api/page/image
2022-08-04T21:46:27.592Z - info   : GET /favicon.ico
2022-08-04T21:46:35.421Z - info   : GET /favicon.ico
2022-08-04T21:46:37.236Z - info   : POST /api/page/text
2022-08-04T21:46:51.720Z - info   : POST /api/page/text
2022-08-04T21:47:02.788Z - info   : POST /api/page/image
2022-08-04T21:48:09.693Z - info   : POST /api/page/image
2022-08-04T21:48:37.974Z - info   : POST /api/page/image
2022-08-04T21:48:56.856Z - info   : GET /favicon.ico
2022-08-04T21:48:59.919Z - info   : GET /favicon.ico
2022-08-04T21:49:06.953Z - info   : POST /api/page/text
2022-08-05T05:55:14.073Z - info   : GET /favicon.ico
2022-08-05T05:55:22.931Z - info   : GET /favicon.ico
2022-08-05T05:58:16.194Z - info   : GET /favicon.ico
2022-08-05T05:58:45.857Z - info   : GET /favicon.ico
2022-08-05T05:58:55.661Z - info   : GET /favicon.ico
2022-08-05T05:59:49.507Z - info   : GET /favicon.ico
2022-08-05T06:00:50.504Z - info   : GET /favicon.ico
2022-08-05T06:02:06.902Z - info   : GET /favicon.ico
2022-08-05T06:04:25.968Z - info   : GET /favicon.ico
2022-08-05T06:05:09.794Z - info   : GET /favicon.ico
2022-08-05T06:05:28.046Z - info   : GET /favicon.ico
2022-08-05T06:05:45.004Z - info   : GET /favicon.ico
2022-08-05T06:08:15.943Z - info   : GET /favicon.ico
2022-08-05T06:10:05.825Z - info   : GET /favicon.ico
2022-08-05T06:10:32.191Z - info   : GET /favicon.ico
2022-08-05T06:11:11.485Z - info   : GET /favicon.ico
2022-08-05T06:11:35.865Z - info   : POST /api/page/text
2022-08-05T06:16:24.358Z - info   : GET /favicon.ico
2022-08-05T06:16:55.879Z - info   : GET /favicon.ico
2022-08-05T06:18:05.959Z - info   : GET /favicon.ico
2022-08-05T06:18:59.064Z - info   : GET /favicon.ico
2022-08-05T06:19:47.381Z - info   : GET /favicon.ico
2022-08-05T06:22:45.658Z - info   : GET /favicon.ico
2022-08-05T06:23:17.680Z - info   : GET /favicon.ico
2022-08-05T06:24:09.410Z - info   : GET /favicon.ico
2022-08-05T06:28:10.196Z - info   : GET /favicon.ico
2022-08-05T06:28:27.689Z - info   : GET /favicon.ico
2022-08-05T06:29:09.081Z - info   : GET /favicon.ico
2022-08-05T06:29:45.559Z - info   : GET /favicon.ico
2022-08-05T06:31:20.628Z - info   : GET /favicon.ico
2022-08-05T06:34:25.062Z - info   : GET /favicon.ico
2022-08-05T06:35:04.037Z - info   : GET /favicon.ico
2022-08-05T06:35:28.357Z - info   : GET /favicon.ico
2022-08-05T06:35:30.775Z - info   : POST /api/page/image
2022-08-05T06:35:30.801Z - info   : POST /api/page/image
2022-08-05T06:35:30.811Z - info   : POST /api/page/image
2022-08-05T06:35:30.818Z - info   : POST /api/page/image
2022-08-05T06:35:30.823Z - info   : POST /api/page/image
2022-08-05T06:35:30.828Z - info   : POST /api/page/image
2022-08-05T06:35:30.945Z - info   : POST /api/page/image
2022-08-05T06:35:30.953Z - info   : POST /api/page/image
2022-08-05T06:35:30.956Z - info   : POST /api/page/image
2022-08-05T06:35:30.987Z - info   : POST /api/page/image
2022-08-05T06:35:30.996Z - info   : POST /api/page/image
2022-08-05T06:35:31.051Z - info   : POST /api/page/image
2022-08-05T06:35:31.058Z - info   : POST /api/page/image
2022-08-05T06:35:31.073Z - info   : POST /api/page/image
2022-08-05T06:36:18.094Z - info   : GET /favicon.ico
2022-08-05T06:36:23.105Z - info   : POST /api/page/image
2022-08-05T06:36:23.122Z - info   : POST /api/page/image
2022-08-05T06:36:23.128Z - info   : POST /api/page/image
2022-08-05T06:36:23.132Z - info   : POST /api/page/image
2022-08-05T06:43:48.718Z - info   : GET /favicon.ico
2022-08-05T06:47:53.949Z - info   : GET /favicon.ico
2022-08-05T06:47:56.693Z - info   : POST /api/page/images
2022-08-05T06:48:46.152Z - info   : GET /favicon.ico
2022-08-05T06:48:47.954Z - info   : POST /api/page/images
2022-08-05T06:49:10.121Z - info   : POST /api/page/images
2022-08-05T06:49:28.816Z - info   : POST /api/page/images
2022-08-05T06:49:55.259Z - info   : POST /api/page/images
2022-08-05T06:50:05.536Z - info   : POST /api/page/images
2022-08-05T06:50:59.962Z - info   : POST /api/page/images
2022-08-05T06:52:11.515Z - info   : GET /favicon.ico
2022-08-05T06:52:17.380Z - info   : POST /api/page/images
2022-08-05T06:54:22.878Z - info   : GET /favicon.ico
2022-08-05T06:54:24.913Z - info   : POST /api/page/images
2022-08-05T06:54:41.204Z - info   : GET /favicon.ico
2022-08-05T06:54:43.884Z - info   : POST /api/page/images
2022-08-05T06:55:20.830Z - info   : GET /favicon.ico
2022-08-05T06:56:04.735Z - info   : GET /favicon.ico
2022-08-05T06:56:12.263Z - info   : POST /api/page/images
2022-08-05T06:56:12.287Z - error  : MulterError: Unexpected field
2022-08-05T06:58:35.371Z - info   : GET /favicon.ico
2022-08-05T06:58:36.457Z - info   : POST /api/page/images
2022-08-05T06:59:27.673Z - info   : POST /api/page/images
2022-08-05T06:59:43.137Z - info   : POST /api/page/images
2022-08-05T06:59:52.683Z - info   : POST /api/page/images
2022-08-05T06:59:52.899Z - error  : Error: Only images are allowed
2022-08-05T07:00:22.248Z - info   : POST /api/page/images
2022-08-05T07:00:22.288Z - error  : Error: Only images are allowed
2022-08-05T07:01:16.745Z - info   : POST /api/page/images
2022-08-05T07:01:16.775Z - error  : Error: Only images are allowed
2022-08-05T07:02:03.016Z - info   : POST /api/page/images
2022-08-05T07:02:03.024Z - error  : Error: Only images are allowed
2022-08-05T07:04:31.324Z - info   : POST /api/page/images
2022-08-05T07:04:31.348Z - error  : Error: Only images are allowed
2022-08-05T07:05:05.299Z - info   : POST /api/page/images
2022-08-05T07:05:05.322Z - error  : Error: Only images are allowed
2022-08-05T07:06:30.087Z - info   : POST /api/page/images
2022-08-05T07:07:02.861Z - info   : POST /api/page/images
2022-08-05T07:07:32.327Z - info   : POST /api/page/images
2022-08-05T07:07:43.770Z - info   : POST /api/page/images
2022-08-05T07:08:28.563Z - info   : GET /favicon.ico
2022-08-05T07:08:31.976Z - info   : POST /api/page/images
2022-08-05T07:08:56.835Z - info   : POST /api/page/images
2022-08-05T07:10:11.362Z - info   : POST /api/page/images
2022-08-05T07:10:24.476Z - info   : POST /api/page/images
2022-08-05T07:11:49.038Z - info   : GET /favicon.ico
2022-08-05T07:11:51.330Z - info   : POST /api/page/images
2022-08-05T07:13:26.950Z - info   : POST /api/page/images
2022-08-05T07:13:53.542Z - info   : POST /api/page/images
2022-08-05T07:15:37.330Z - info   : POST /api/page/images
2022-08-05T07:16:04.811Z - info   : POST /api/page/images
2022-08-05T07:16:43.304Z - info   : GET /favicon.ico
2022-08-05T07:16:45.119Z - info   : POST /api/page/images
2022-08-05T07:20:07.042Z - info   : GET /favicon.ico
2022-08-05T07:20:08.030Z - info   : POST /api/page/images
2022-08-05T07:20:18.499Z - info   : POST /api/page/images
2022-08-05T07:21:01.475Z - info   : GET /favicon.ico
2022-08-05T07:21:02.713Z - info   : POST /api/page/images
2022-08-05T07:22:17.311Z - info   : POST /api/page/images
2022-08-05T07:22:20.381Z - info   : POST /api/page/images
2022-08-05T07:22:33.032Z - info   : GET /favicon.ico
2022-08-05T07:25:02.658Z - info   : GET /favicon.ico
2022-08-05T07:25:20.143Z - info   : POST /api/page/images
2022-08-05T07:25:58.739Z - info   : POST /api/page/images
2022-08-05T07:30:08.557Z - info   : POST /api/page/images
2022-08-05T07:30:18.919Z - info   : POST /api/page/images
2022-08-05T07:30:53.790Z - info   : POST /api/page/images
2022-08-05T07:30:56.338Z - info   : POST /api/page/images
2022-08-05T07:31:20.682Z - info   : POST /api/page/images
2022-08-05T07:31:47.737Z - info   : POST /api/page/images
2022-08-05T07:32:16.292Z - info   : POST /api/page/images
2022-08-05T07:33:32.523Z - info   : POST /api/page/images
2022-08-05T07:35:08.549Z - info   : POST /api/page/images
2022-08-05T07:35:22.712Z - error  : Error: ENOENT: no such file or directory, stat 'D:\Web\Nhatrocauan\images\cce7d214ea8a2ba3d7cb0f37d58f3c3a'
2022-08-05T07:35:22.970Z - info   : GET /favicon.ico
2022-08-05T07:35:57.293Z - error  : Error: ENOENT: no such file or directory, stat 'D:\Web\Nhatrocauan\images\cce7d214ea8a2ba3d7cb0f37d58f3c3a'
2022-08-05T07:35:57.674Z - info   : GET /favicon.ico
2022-08-05T07:36:11.811Z - error  : Error: ENOENT: no such file or directory, stat 'D:\Web\Nhatrocauan\images\cce7d214ea8a2ba3d7cb0f37d58f3c3a'
2022-08-05T07:36:11.912Z - info   : GET /favicon.ico
2022-08-05T07:36:26.491Z - error  : Error: ENOENT: no such file or directory, stat 'D:\Web\Nhatrocauan\images\cce7d214ea8a2ba3d7cb0f37d58f3c3a'
2022-08-05T07:36:26.662Z - info   : GET /favicon.ico
2022-08-05T07:36:38.177Z - info   : POST /api/page/images
2022-08-05T07:37:38.095Z - error  : Error: ENOENT: no such file or directory, stat 'D:\Web\Nhatrocauan\images\cce7d214ea8a2ba3d7cb0f37d58f3c3a'
2022-08-05T07:37:38.207Z - info   : GET /favicon.ico
2022-08-05T07:37:40.793Z - info   : POST /api/page/images
2022-08-05T07:38:10.065Z - info   : GET /favicon.ico
2022-08-05T07:38:10.161Z - error  : Error: ENOENT: no such file or directory, stat 'D:\Web\Nhatrocauan\images\cce7d214ea8a2ba3d7cb0f37d58f3c3a'
2022-08-05T07:38:11.915Z - info   : POST /api/page/images
2022-08-05T07:39:50.575Z - error  : Error: ENOENT: no such file or directory, stat 'D:\Web\Nhatrocauan\images\cce7d214ea8a2ba3d7cb0f37d58f3c3a'
2022-08-05T07:39:50.688Z - info   : GET /favicon.ico
2022-08-05T07:39:52.011Z - info   : POST /api/page/images
2022-08-05T07:40:45.657Z - error  : Error: ENOENT: no such file or directory, stat 'D:\Web\Nhatrocauan\images\cce7d214ea8a2ba3d7cb0f37d58f3c3a'
2022-08-05T07:40:45.944Z - info   : GET /favicon.ico
2022-08-05T07:40:47.688Z - info   : POST /api/page/images
2022-08-05T07:41:25.766Z - error  : Error: ENOENT: no such file or directory, stat 'D:\Web\Nhatrocauan\images\cce7d214ea8a2ba3d7cb0f37d58f3c3a'
2022-08-05T07:41:25.885Z - info   : GET /favicon.ico
2022-08-05T07:41:30.684Z - info   : POST /api/page/images
2022-08-05T07:41:34.911Z - info   : POST /api/page/images
2022-08-05T07:41:38.805Z - info   : POST /api/page/images
2022-08-05T07:42:58.610Z - info   : GET /favicon.ico
2022-08-05T07:43:02.054Z - info   : POST /api/page/images
2022-08-05T07:45:25.404Z - error  : Error: ENOENT: no such file or directory, stat 'D:\Web\Nhatrocauan\images\cce7d214ea8a2ba3d7cb0f37d58f3c3a'
2022-08-05T07:45:25.417Z - error  : Error: ENOENT: no such file or directory, stat 'D:\Web\Nhatrocauan\images\b7c4709135969d46adb7576bcf0a3c05'
2022-08-05T07:45:25.423Z - error  : Error: ENOENT: no such file or directory, stat 'D:\Web\Nhatrocauan\images\b17ca4553ff410e647ef6ac736e6e4dc'
2022-08-05T07:45:25.432Z - error  : Error: ENOENT: no such file or directory, stat 'D:\Web\Nhatrocauan\images\3fcb1933fda7fbc685241e596d3479c2'
2022-08-05T07:45:30.436Z - error  : Error: ENOENT: no such file or directory, stat 'D:\Web\Nhatrocauan\images\cce7d214ea8a2ba3d7cb0f37d58f3c3a'
2022-08-05T07:45:30.546Z - info   : GET /favicon.ico
2022-08-05T07:45:33.675Z - info   : POST /api/page/images
2022-08-05T07:48:03.700Z - info   : GET /favicon.ico
2022-08-05T07:48:03.858Z - error  : Error: ENOENT: no such file or directory, stat 'D:\Web\Nhatrocauan\images\cce7d214ea8a2ba3d7cb0f37d58f3c3a'
2022-08-05T07:48:06.529Z - info   : POST /api/page/images
2022-08-05T07:48:49.048Z - error  : Error: ENOENT: no such file or directory, stat 'D:\Web\Nhatrocauan\images\cce7d214ea8a2ba3d7cb0f37d58f3c3a'
2022-08-05T07:48:49.426Z - info   : GET /favicon.ico
2022-08-05T07:48:51.635Z - info   : POST /api/page/images
2022-08-05T07:49:30.627Z - error  : Error: ENOENT: no such file or directory, stat 'D:\Web\Nhatrocauan\images\cce7d214ea8a2ba3d7cb0f37d58f3c3a'
2022-08-05T07:49:30.870Z - info   : GET /favicon.ico
2022-08-05T07:49:36.088Z - info   : POST /api/page/images
2022-08-05T07:49:50.253Z - error  : Error: ENOENT: no such file or directory, stat 'D:\Web\Nhatrocauan\images\cce7d214ea8a2ba3d7cb0f37d58f3c3a'
2022-08-05T07:49:50.620Z - info   : GET /favicon.ico
2022-08-05T07:49:52.678Z - info   : POST /api/page/images
2022-08-05T07:50:05.788Z - info   : GET /favicon.ico
2022-08-05T07:50:05.852Z - error  : Error: ENOENT: no such file or directory, stat 'D:\Web\Nhatrocauan\images\cce7d214ea8a2ba3d7cb0f37d58f3c3a'
2022-08-05T07:50:10.596Z - info   : POST /api/page/images
2022-08-05T07:50:29.172Z - info   : POST /api/page/images
2022-08-05T07:50:58.505Z - error  : Error: ENOENT: no such file or directory, stat 'D:\Web\Nhatrocauan\images\cce7d214ea8a2ba3d7cb0f37d58f3c3a'
2022-08-05T07:50:58.725Z - info   : GET /favicon.ico
2022-08-05T07:51:00.723Z - info   : POST /api/page/images
2022-08-05T07:52:57.276Z - error  : Error: ENOENT: no such file or directory, stat 'D:\Web\Nhatrocauan\images\cce7d214ea8a2ba3d7cb0f37d58f3c3a'
2022-08-05T07:52:57.436Z - info   : GET /favicon.ico
2022-08-05T07:53:00.178Z - info   : POST /api/page/images
2022-08-05T07:53:28.937Z - error  : Error: ENOENT: no such file or directory, stat 'D:\Web\Nhatrocauan\images\cce7d214ea8a2ba3d7cb0f37d58f3c3a'
2022-08-05T07:53:29.017Z - info   : GET /favicon.ico
2022-08-05T07:53:31.868Z - info   : POST /api/page/images
2022-08-05T07:53:37.412Z - info   : POST /api/page/images
2022-08-05T07:54:30.430Z - info   : POST /api/page/images
2022-08-05T07:54:31.918Z - error  : Error: ENOENT: no such file or directory, stat 'D:\Web\Nhatrocauan\images\cce7d214ea8a2ba3d7cb0f37d58f3c3a'
2022-08-05T07:54:32.141Z - info   : GET /favicon.ico
2022-08-05T07:54:35.256Z - info   : POST /api/page/images
2022-08-05T07:55:46.491Z - error  : Error: ENOENT: no such file or directory, stat 'D:\Web\Nhatrocauan\images\cce7d214ea8a2ba3d7cb0f37d58f3c3a'
2022-08-05T07:55:46.890Z - info   : GET /favicon.ico
2022-08-05T07:55:50.471Z - info   : POST /api/page/images
2022-08-05T07:56:12.274Z - error  : Error: ENOENT: no such file or directory, stat 'D:\Web\Nhatrocauan\images\cce7d214ea8a2ba3d7cb0f37d58f3c3a'
2022-08-05T07:56:12.354Z - info   : GET /favicon.ico
2022-08-05T07:56:16.191Z - info   : POST /api/page/images
2022-08-05T07:57:54.352Z - error  : Error: ENOENT: no such file or directory, stat 'D:\Web\Nhatrocauan\images\cce7d214ea8a2ba3d7cb0f37d58f3c3a'
2022-08-05T07:57:54.604Z - info   : GET /favicon.ico
2022-08-05T07:58:17.432Z - error  : Error: ENOENT: no such file or directory, stat 'D:\Web\Nhatrocauan\images\cce7d214ea8a2ba3d7cb0f37d58f3c3a'
2022-08-05T07:58:17.606Z - info   : GET /favicon.ico
2022-08-05T07:58:19.621Z - info   : POST /api/page/images
2022-08-05T07:58:46.794Z - error  : Error: ENOENT: no such file or directory, stat 'D:\Web\Nhatrocauan\images\cce7d214ea8a2ba3d7cb0f37d58f3c3a'
2022-08-05T07:58:47.089Z - info   : GET /favicon.ico
2022-08-05T07:58:49.080Z - info   : POST /api/page/images
2022-08-05T07:58:57.026Z - error  : Error: ENOENT: no such file or directory, stat 'D:\Web\Nhatrocauan\images\cce7d214ea8a2ba3d7cb0f37d58f3c3a'
2022-08-05T07:58:57.166Z - info   : GET /favicon.ico
2022-08-05T08:00:20.681Z - info   : GET /favicon.ico
2022-08-05T08:00:26.391Z - info   : POST /api/page/images
2022-08-05T08:00:32.506Z - info   : GET /favicon.ico
2022-08-05T08:03:04.478Z - info   : GET /favicon.ico
2022-08-05T08:03:42.169Z - info   : GET /favicon.ico
2022-08-05T08:04:01.187Z - info   : GET /favicon.ico
2022-08-05T08:04:18.373Z - info   : GET /favicon.ico
2022-08-05T08:04:33.942Z - info   : GET /favicon.ico
2022-08-05T08:07:33.023Z - info   : POST /api/page/images
2022-08-05T08:07:38.708Z - info   : GET /favicon.ico
2022-08-05T08:12:17.335Z - info   : GET /favicon.ico
2022-08-05T08:14:19.432Z - info   : GET /favicon.ico
2022-08-05T08:14:59.155Z - info   : GET /favicon.ico
2022-08-05T08:15:13.209Z - info   : GET /favicon.ico
2022-08-05T08:16:27.071Z - info   : GET /favicon.ico
2022-08-05T08:16:36.332Z - info   : GET /favicon.ico
2022-08-05T08:16:50.670Z - info   : GET /favicon.ico
2022-08-05T08:17:44.624Z - info   : GET /favicon.ico
2022-08-05T08:18:18.949Z - info   : GET /favicon.ico
2022-08-05T08:18:31.940Z - info   : GET /favicon.ico
2022-08-05T08:20:36.546Z - info   : GET /favicon.ico
2022-08-05T08:20:37.880Z - info   : DELETE /api/page/images
2022-08-05T08:20:59.901Z - info   : DELETE /api/page/images
2022-08-05T08:21:08.463Z - info   : DELETE /api/page/images
2022-08-05T08:21:25.164Z - info   : DELETE /api/page/images
2022-08-05T08:22:44.221Z - info   : GET /favicon.ico
2022-08-05T08:22:46.314Z - info   : DELETE /api/page/images
2022-08-05T08:22:52.022Z - info   : GET /favicon.ico
2022-08-05T08:23:58.983Z - info   : GET /favicon.ico
2022-08-05T08:24:00.628Z - info   : DELETE /api/page/images
2022-08-05T08:24:30.553Z - info   : GET /favicon.ico
2022-08-05T08:24:58.539Z - info   : GET /favicon.ico
2022-08-05T08:25:22.390Z - info   : GET /favicon.ico
2022-08-05T08:25:23.628Z - info   : DELETE /api/page/images
2022-08-05T08:25:52.548Z - info   : GET /favicon.ico
2022-08-05T08:26:17.502Z - info   : GET /favicon.ico
2022-08-05T08:26:21.506Z - info   : POST /api/page/images
2022-08-05T08:27:03.368Z - info   : GET /favicon.ico
2022-08-05T08:27:11.183Z - info   : DELETE /api/page/images
2022-08-05T08:27:12.734Z - info   : DELETE /api/page/images
2022-08-05T08:27:14.414Z - info   : GET /favicon.ico
2022-08-05T08:28:50.634Z - info   : GET /favicon.ico
2022-08-05T08:28:56.287Z - info   : POST /api/page/images
2022-08-05T08:31:14.419Z - info   : POST /api/page/images
2022-08-05T08:31:17.426Z - info   : GET /favicon.ico
2022-08-05T08:31:23.480Z - info   : POST /api/page/images
2022-08-05T08:32:06.160Z - info   : GET /favicon.ico
2022-08-05T08:32:10.050Z - info   : DELETE /api/page/images
2022-08-05T08:32:12.260Z - info   : DELETE /api/page/images
2022-08-05T08:32:12.823Z - info   : DELETE /api/page/images
2022-08-05T08:32:13.101Z - info   : DELETE /api/page/images
2022-08-05T08:32:13.337Z - info   : DELETE /api/page/images
2022-08-05T08:32:13.636Z - info   : DELETE /api/page/images
2022-08-05T08:32:13.973Z - info   : DELETE /api/page/images
2022-08-05T08:32:14.206Z - info   : DELETE /api/page/images
2022-08-05T08:32:14.481Z - info   : DELETE /api/page/images
2022-08-05T08:32:14.637Z - info   : DELETE /api/page/images
2022-08-05T08:32:14.814Z - info   : DELETE /api/page/images
2022-08-05T08:32:14.996Z - info   : DELETE /api/page/images
2022-08-05T08:32:15.259Z - info   : DELETE /api/page/images
2022-08-05T08:32:15.567Z - info   : DELETE /api/page/images
2022-08-05T08:32:15.728Z - info   : DELETE /api/page/images
2022-08-05T08:32:15.941Z - info   : DELETE /api/page/images
2022-08-05T08:32:19.866Z - info   : GET /favicon.ico
2022-08-05T08:32:25.579Z - info   : POST /api/page/images
2022-08-05T08:33:14.867Z - info   : GET /favicon.ico
2022-08-05T08:33:19.960Z - info   : POST /api/page/images
2022-08-05T08:33:26.059Z - info   : POST /api/page/images
2022-08-05T08:34:07.668Z - info   : GET /favicon.ico
2022-08-05T08:34:11.412Z - info   : POST /api/page/images
2022-08-05T08:34:31.846Z - info   : GET /favicon.ico
2022-08-05T08:34:33.585Z - info   : POST /api/page/images
2022-08-05T08:34:48.373Z - info   : GET /favicon.ico
2022-08-05T08:34:50.139Z - info   : POST /api/page/images
2022-08-05T08:34:53.876Z - info   : DELETE /api/page/images
2022-08-05T08:34:56.294Z - info   : DELETE /api/page/images
2022-08-05T08:34:56.455Z - info   : DELETE /api/page/images
2022-08-05T08:34:56.625Z - info   : DELETE /api/page/images
2022-08-05T08:34:56.783Z - info   : DELETE /api/page/images
2022-08-05T08:34:56.936Z - info   : DELETE /api/page/images
2022-08-05T08:34:57.067Z - info   : DELETE /api/page/images
2022-08-05T08:34:57.217Z - info   : DELETE /api/page/images
2022-08-05T08:34:57.364Z - info   : DELETE /api/page/images
2022-08-05T08:34:57.512Z - info   : DELETE /api/page/images
2022-08-05T08:34:57.665Z - info   : DELETE /api/page/images
2022-08-05T08:34:57.825Z - info   : DELETE /api/page/images
2022-08-05T08:34:57.961Z - info   : DELETE /api/page/images
2022-08-05T08:34:58.110Z - info   : DELETE /api/page/images
2022-08-05T08:34:58.263Z - info   : DELETE /api/page/images
2022-08-05T08:35:07.103Z - info   : POST /api/page/images
2022-08-05T08:35:10.893Z - info   : DELETE /api/page/images
2022-08-05T08:35:13.052Z - info   : GET /favicon.ico
2022-08-05T08:36:18.135Z - info   : GET /favicon.ico
2022-08-05T08:36:58.507Z - info   : GET /i
2022-08-05T08:36:59.258Z - info   : GET /favicon.ico
2022-08-05T08:37:17.920Z - info   : POST /api/page/text
2022-08-05T08:41:40.720Z - info   : DELETE /api/page/images
2022-08-05T08:42:01.368Z - info   : POST /api/page/text
2022-08-05T08:44:26.582Z - info   : GET /favicon.ico
2022-08-05T08:46:18.750Z - info   : GET /favicon.ico
2022-08-05T08:47:04.547Z - info   : GET /favicon.ico
2022-08-05T08:47:17.034Z - info   : POST /api/page/text
2022-08-05T08:48:22.259Z - info   : GET /favicon.ico
